c:\users\jacke\documents\university\comp3015\30\3015_30\x64\debug\vc143.pdb
c:\users\jacke\documents\university\comp3015\30\3015_30\x64\debug\vc143.idb
c:\users\jacke\documents\university\comp3015\30\3015_30\x64\debug\glad.obj
c:\users\jacke\documents\university\comp3015\30\3015_30\x64\debug\scenebasic_uniform.obj
c:\users\jacke\documents\university\comp3015\30\3015_30\x64\debug\main.obj
c:\users\jacke\documents\university\comp3015\30\3015_30\x64\debug\trianglemesh.obj
c:\users\jacke\documents\university\comp3015\30\3015_30\x64\debug\torus.obj
c:\users\jacke\documents\university\comp3015\30\3015_30\x64\debug\teapot.obj
c:\users\jacke\documents\university\comp3015\30\3015_30\x64\debug\glutils.obj
c:\users\jacke\documents\university\comp3015\30\3015_30\x64\debug\glslprogram.obj
c:\users\jacke\documents\university\comp3015\30\3015_30\x64\debug\plane.obj
c:\users\jacke\documents\university\comp3015\30\3015_30\x64\debug\objmesh.obj
c:\users\jacke\documents\university\comp3015\30\3015_30\x64\debug\texture.obj
c:\users\jacke\documents\university\comp3015\30\3015_30\x64\debug\skybox.obj
c:\users\jacke\documents\university\comp3015\30\3015_30\x64\debug\cube.obj
c:\users\jacke\documents\university\comp3015\30\3015_30\x64\debug\stb_image.obj
c:\users\jacke\documents\university\comp3015\30\3015_30\x64\debug\pirate.exe
c:\users\jacke\documents\university\comp3015\30\3015_30\x64\debug\pirate.ilk
c:\users\jacke\documents\university\comp3015\30\3015_30\x64\debug\pirate.pdb
c:\users\jacke\documents\university\comp3015\30\3015_30\x64\debug\pirate.tlog\cl.command.1.tlog
c:\users\jacke\documents\university\comp3015\30\3015_30\x64\debug\pirate.tlog\cl.items.tlog
c:\users\jacke\documents\university\comp3015\30\3015_30\x64\debug\pirate.tlog\cl.read.1.tlog
c:\users\jacke\documents\university\comp3015\30\3015_30\x64\debug\pirate.tlog\cl.write.1.tlog
c:\users\jacke\documents\university\comp3015\30\3015_30\x64\debug\pirate.tlog\link.command.1.tlog
c:\users\jacke\documents\university\comp3015\30\3015_30\x64\debug\pirate.tlog\link.read.1.tlog
c:\users\jacke\documents\university\comp3015\30\3015_30\x64\debug\pirate.tlog\link.write.1.tlog
